/home/ubuntu/ssge
/usr/bin/python3: No module named scrapy
/home/ubuntu/ssge
/usr/bin/python3: No module named scrapy
/home/ubuntu/ssge
/usr/bin/python3: No module named scrapy
/home/ubuntu/ssge
2022-09-09 13:52:03 [scrapy.utils.log] INFO: Scrapy 2.6.2 started (bot: ssge)
2022-09-09 13:52:03 [scrapy.utils.log] INFO: Versions: lxml 4.9.1.0, libxml2 2.9.14, cssselect 1.1.0, parsel 1.6.0, w3lib 2.0.1, Twisted 22.1.0, Python 3.10.4 (main, Jun 29 2022, 12:14:53) [GCC 11.2.0], pyOpenSSL 21.0.0 (OpenSSL 3.0.2 15 Mar 2022), cryptography 3.4.8, Platform Linux-5.15.0-1011-aws-x86_64-with-glibc2.35
Traceback (most recent call last):
  File "/home/ubuntu/.local/lib/python3.10/site-packages/scrapy/spiderloader.py", line 75, in load
    return self._spiders[spider_name]
KeyError: 's2ge'

During handling of the above exception, another exception occurred:

Traceback (most recent call last):
  File "/usr/lib/python3.10/runpy.py", line 196, in _run_module_as_main
    return _run_code(code, main_globals, None,
  File "/usr/lib/python3.10/runpy.py", line 86, in _run_code
    exec(code, run_globals)
  File "/home/ubuntu/.local/lib/python3.10/site-packages/scrapy/__main__.py", line 4, in <module>
    execute()
  File "/home/ubuntu/.local/lib/python3.10/site-packages/scrapy/cmdline.py", line 154, in execute
    _run_print_help(parser, _run_command, cmd, args, opts)
  File "/home/ubuntu/.local/lib/python3.10/site-packages/scrapy/cmdline.py", line 109, in _run_print_help
    func(*a, **kw)
  File "/home/ubuntu/.local/lib/python3.10/site-packages/scrapy/cmdline.py", line 162, in _run_command
    cmd.run(args, opts)
  File "/home/ubuntu/.local/lib/python3.10/site-packages/scrapy/commands/crawl.py", line 22, in run
    crawl_defer = self.crawler_process.crawl(spname, **opts.spargs)
  File "/home/ubuntu/.local/lib/python3.10/site-packages/scrapy/crawler.py", line 204, in crawl
    crawler = self.create_crawler(crawler_or_spidercls)
  File "/home/ubuntu/.local/lib/python3.10/site-packages/scrapy/crawler.py", line 237, in create_crawler
    return self._create_crawler(crawler_or_spidercls)
  File "/home/ubuntu/.local/lib/python3.10/site-packages/scrapy/crawler.py", line 312, in _create_crawler
    spidercls = self.spider_loader.load(spidercls)
  File "/home/ubuntu/.local/lib/python3.10/site-packages/scrapy/spiderloader.py", line 77, in load
    raise KeyError(f"Spider not found: {spider_name}")
KeyError: 'Spider not found: s2ge'
/home/ubuntu/ssge
2022-09-09 13:53:02 [scrapy.utils.log] INFO: Scrapy 2.6.2 started (bot: ssge)
2022-09-09 13:53:02 [scrapy.utils.log] INFO: Versions: lxml 4.9.1.0, libxml2 2.9.14, cssselect 1.1.0, parsel 1.6.0, w3lib 2.0.1, Twisted 22.1.0, Python 3.10.4 (main, Jun 29 2022, 12:14:53) [GCC 11.2.0], pyOpenSSL 21.0.0 (OpenSSL 3.0.2 15 Mar 2022), cryptography 3.4.8, Platform Linux-5.15.0-1011-aws-x86_64-with-glibc2.35
Traceback (most recent call last):
  File "/home/ubuntu/.local/lib/python3.10/site-packages/scrapy/spiderloader.py", line 75, in load
    return self._spiders[spider_name]
KeyError: 's2ge'

During handling of the above exception, another exception occurred:

Traceback (most recent call last):
  File "/usr/lib/python3.10/runpy.py", line 196, in _run_module_as_main
    return _run_code(code, main_globals, None,
  File "/usr/lib/python3.10/runpy.py", line 86, in _run_code
    exec(code, run_globals)
  File "/home/ubuntu/.local/lib/python3.10/site-packages/scrapy/__main__.py", line 4, in <module>
    execute()
  File "/home/ubuntu/.local/lib/python3.10/site-packages/scrapy/cmdline.py", line 154, in execute
    _run_print_help(parser, _run_command, cmd, args, opts)
  File "/home/ubuntu/.local/lib/python3.10/site-packages/scrapy/cmdline.py", line 109, in _run_print_help
    func(*a, **kw)
  File "/home/ubuntu/.local/lib/python3.10/site-packages/scrapy/cmdline.py", line 162, in _run_command
    cmd.run(args, opts)
  File "/home/ubuntu/.local/lib/python3.10/site-packages/scrapy/commands/crawl.py", line 22, in run
    crawl_defer = self.crawler_process.crawl(spname, **opts.spargs)
  File "/home/ubuntu/.local/lib/python3.10/site-packages/scrapy/crawler.py", line 204, in crawl
    crawler = self.create_crawler(crawler_or_spidercls)
  File "/home/ubuntu/.local/lib/python3.10/site-packages/scrapy/crawler.py", line 237, in create_crawler
    return self._create_crawler(crawler_or_spidercls)
  File "/home/ubuntu/.local/lib/python3.10/site-packages/scrapy/crawler.py", line 312, in _create_crawler
    spidercls = self.spider_loader.load(spidercls)
  File "/home/ubuntu/.local/lib/python3.10/site-packages/scrapy/spiderloader.py", line 77, in load
    raise KeyError(f"Spider not found: {spider_name}")
KeyError: 'Spider not found: s2ge'
/home/ubuntu/ssge
2022-09-09 13:54:01 [scrapy.utils.log] INFO: Scrapy 2.6.2 started (bot: ssge)
2022-09-09 13:54:01 [scrapy.utils.log] INFO: Versions: lxml 4.9.1.0, libxml2 2.9.14, cssselect 1.1.0, parsel 1.6.0, w3lib 2.0.1, Twisted 22.1.0, Python 3.10.4 (main, Jun 29 2022, 12:14:53) [GCC 11.2.0], pyOpenSSL 21.0.0 (OpenSSL 3.0.2 15 Mar 2022), cryptography 3.4.8, Platform Linux-5.15.0-1011-aws-x86_64-with-glibc2.35
2022-09-09 13:54:01 [scrapy.crawler] INFO: Overridden settings:
{'BOT_NAME': 'ssge',
 'NEWSPIDER_MODULE': 'ssge.spiders',
 'SPIDER_MODULES': ['ssge.spiders']}
2022-09-09 13:54:01 [scrapy.utils.log] DEBUG: Using reactor: twisted.internet.epollreactor.EPollReactor
2022-09-09 13:54:01 [scrapy.extensions.telnet] INFO: Telnet Password: ed07514a1f4212d4
2022-09-09 13:54:01 [scrapy.middleware] INFO: Enabled extensions:
['scrapy.extensions.corestats.CoreStats',
 'scrapy.extensions.telnet.TelnetConsole',
 'scrapy.extensions.memusage.MemoryUsage',
 'scrapy.extensions.logstats.LogStats']
2022-09-09 13:54:01 [scrapy.middleware] INFO: Enabled downloader middlewares:
['scrapy.downloadermiddlewares.httpauth.HttpAuthMiddleware',
 'scrapy.downloadermiddlewares.downloadtimeout.DownloadTimeoutMiddleware',
 'scrapy.downloadermiddlewares.defaultheaders.DefaultHeadersMiddleware',
 'scrapy.downloadermiddlewares.useragent.UserAgentMiddleware',
 'scrapy.downloadermiddlewares.retry.RetryMiddleware',
 'scrapy.downloadermiddlewares.redirect.MetaRefreshMiddleware',
 'scrapy.downloadermiddlewares.httpcompression.HttpCompressionMiddleware',
 'scrapy.downloadermiddlewares.redirect.RedirectMiddleware',
 'scrapy.downloadermiddlewares.cookies.CookiesMiddleware',
 'scrapy.downloadermiddlewares.httpproxy.HttpProxyMiddleware',
 'scrapy.downloadermiddlewares.stats.DownloaderStats']
2022-09-09 13:54:01 [scrapy.middleware] INFO: Enabled spider middlewares:
['scrapy.spidermiddlewares.httperror.HttpErrorMiddleware',
 'scrapy.spidermiddlewares.offsite.OffsiteMiddleware',
 'scrapy.spidermiddlewares.referer.RefererMiddleware',
 'scrapy.spidermiddlewares.urllength.UrlLengthMiddleware',
 'scrapy.spidermiddlewares.depth.DepthMiddleware']
2022-09-09 13:54:01 [scrapy.middleware] INFO: Enabled item pipelines:
[]
2022-09-09 13:54:01 [scrapy.core.engine] INFO: Spider opened
2022-09-09 13:54:01 [scrapy.extensions.logstats] INFO: Crawled 0 pages (at 0 pages/min), scraped 0 items (at 0 items/min)
2022-09-09 13:54:01 [scrapy.extensions.telnet] INFO: Telnet console listening on 127.0.0.1:6023
2022-09-09 13:54:06 [filelock] DEBUG: Attempting to acquire lock 139900484317728 on /home/ubuntu/.cache/python-tldextract/3.10.4.final__usr__7d8fdf__tldextract-3.3.1/publicsuffix.org-tlds/de84b5ca2167d4c83e38fb162f2e8738.tldextract.json.lock
2022-09-09 13:54:06 [filelock] DEBUG: Lock 139900484317728 acquired on /home/ubuntu/.cache/python-tldextract/3.10.4.final__usr__7d8fdf__tldextract-3.3.1/publicsuffix.org-tlds/de84b5ca2167d4c83e38fb162f2e8738.tldextract.json.lock
2022-09-09 13:54:06 [filelock] DEBUG: Attempting to release lock 139900484317728 on /home/ubuntu/.cache/python-tldextract/3.10.4.final__usr__7d8fdf__tldextract-3.3.1/publicsuffix.org-tlds/de84b5ca2167d4c83e38fb162f2e8738.tldextract.json.lock
2022-09-09 13:54:06 [filelock] DEBUG: Lock 139900484317728 released on /home/ubuntu/.cache/python-tldextract/3.10.4.final__usr__7d8fdf__tldextract-3.3.1/publicsuffix.org-tlds/de84b5ca2167d4c83e38fb162f2e8738.tldextract.json.lock
2022-09-09 13:54:06 [scrapy.core.engine] DEBUG: Crawled (200) <GET https://ss.ge/en/real-estate/l/Flat/For-Rent?PrcSource=1&RealEstateStatus=2%2C453&CommercialRealEstateType=&PriceType=false&CurrencyId=1&PriceTo=700&Context.Request.Query%5BQuery%5D=&IndividualEntityOnly=true&&Sort.SortExpression=%22OrderDate%22+DESC> (referer: None)
2022-09-09 13:54:06 [urllib3.connectionpool] DEBUG: Starting new HTTPS connection (1): api.telegram.org:443
2022-09-09 13:54:06 [urllib3.connectionpool] DEBUG: https://api.telegram.org:443 "GET /bot5663097801:AAH8FJmqavokiPJoxg3H4XQVVtQuqYfhEJU/sendMessage?chat_id=240372740&text=%0A%20550%20%0A%20IV%20Microdistrict%20-%20Gldani%20%0A%20https://ss.ge/en/real-estate/2-room-flat-for-rent-gldani-3349787 HTTP/1.1" 200 505
2022-09-09 13:54:06 [urllib3.connectionpool] DEBUG: Starting new HTTPS connection (1): api.telegram.org:443
2022-09-09 13:54:07 [urllib3.connectionpool] DEBUG: https://api.telegram.org:443 "GET /bot5663097801:AAH8FJmqavokiPJoxg3H4XQVVtQuqYfhEJU/sendMessage?chat_id=240372740&text=%0A%20700%20%0A%20pekini%20st.%20%0A%20https://ss.ge/en/real-estate/1-room-flat-for-rent-saburtalo-5530948 HTTP/1.1" 200 493
2022-09-09 13:54:07 [urllib3.connectionpool] DEBUG: Starting new HTTPS connection (1): api.telegram.org:443
2022-09-09 13:54:07 [urllib3.connectionpool] DEBUG: https://api.telegram.org:443 "GET /bot5663097801:AAH8FJmqavokiPJoxg3H4XQVVtQuqYfhEJU/sendMessage?chat_id=240372740&text=%0A%20400%20%0A%20Khergiani%20st.%20%0A%20https://ss.ge/en/real-estate/1-room-flat-for-rent-gldani-5530629 HTTP/1.1" 200 493
2022-09-09 13:54:07 [urllib3.connectionpool] DEBUG: Starting new HTTPS connection (1): api.telegram.org:443
2022-09-09 13:54:07 [urllib3.connectionpool] DEBUG: https://api.telegram.org:443 "GET /bot5663097801:AAH8FJmqavokiPJoxg3H4XQVVtQuqYfhEJU/sendMessage?chat_id=240372740&text=%0A%20500%20%0A%20aleksi-meskhishvili%20st.%20%0A%20https://ss.ge/en/real-estate/1-room-flat-for-rent-mtatsminda-5530374 HTTP/1.1" 200 507
2022-09-09 13:54:07 [urllib3.connectionpool] DEBUG: Starting new HTTPS connection (1): api.telegram.org:443
2022-09-09 13:54:08 [urllib3.connectionpool] DEBUG: https://api.telegram.org:443 "GET /bot5663097801:AAH8FJmqavokiPJoxg3H4XQVVtQuqYfhEJU/sendMessage?chat_id=240372740&text=%0A%20450%20%0A%20Svanishvili%20st.%20%0A%20https://ss.ge/en/real-estate/1-room-flat-for-rent-didi-digomi-5530328 HTTP/1.1" 200 500
2022-09-09 13:54:08 [scrapy.core.scraper] ERROR: Spider error processing <GET https://ss.ge/en/real-estate/l/Flat/For-Rent?PrcSource=1&RealEstateStatus=2%2C453&CommercialRealEstateType=&PriceType=false&CurrencyId=1&PriceTo=700&Context.Request.Query%5BQuery%5D=&IndividualEntityOnly=true&&Sort.SortExpression=%22OrderDate%22+DESC> (referer: None)
Traceback (most recent call last):
  File "/usr/lib/python3/dist-packages/twisted/internet/defer.py", line 857, in _runCallbacks
    current.result = callback(  # type: ignore[misc]
  File "/home/ubuntu/.local/lib/python3.10/site-packages/scrapy/spiders/__init__.py", line 67, in _parse
    return self.parse(response, **kwargs)
  File "/home/ubuntu/ssge/ssge/spiders/s2sge.py", line 32, in parse
    message = f"\n {price} \n {clean_spaces(location)} \n {url}"
  File "/home/ubuntu/ssge/ssge/spiders/s2sge.py", line 13, in clean_spaces
    return input.replace('\n', '').replace('\r', '').strip('\n').strip()
AttributeError: 'NoneType' object has no attribute 'replace'
2022-09-09 13:54:08 [scrapy.core.engine] INFO: Closing spider (finished)
2022-09-09 13:54:08 [scrapy.statscollectors] INFO: Dumping Scrapy stats:
{'downloader/request_bytes': 441,
 'downloader/request_count': 1,
 'downloader/request_method_count/GET': 1,
 'downloader/response_bytes': 250331,
 'downloader/response_count': 1,
 'downloader/response_status_count/200': 1,
 'elapsed_time_seconds': 6.494763,
 'finish_reason': 'finished',
 'finish_time': datetime.datetime(2022, 9, 9, 13, 54, 8, 475950),
 'httpcompression/response_bytes': 1364009,
 'httpcompression/response_count': 1,
 'log_count/DEBUG': 16,
 'log_count/ERROR': 1,
 'log_count/INFO': 10,
 'memusage/max': 60567552,
 'memusage/startup': 60567552,
 'response_received_count': 1,
 'scheduler/dequeued': 1,
 'scheduler/dequeued/memory': 1,
 'scheduler/enqueued': 1,
 'scheduler/enqueued/memory': 1,
 'spider_exceptions/AttributeError': 1,
 'start_time': datetime.datetime(2022, 9, 9, 13, 54, 1, 981187)}
2022-09-09 13:54:08 [scrapy.core.engine] INFO: Spider closed (finished)
/home/ubuntu/ssge
2022-09-09 13:55:02 [scrapy.utils.log] INFO: Scrapy 2.6.2 started (bot: ssge)
2022-09-09 13:55:02 [scrapy.utils.log] INFO: Versions: lxml 4.9.1.0, libxml2 2.9.14, cssselect 1.1.0, parsel 1.6.0, w3lib 2.0.1, Twisted 22.1.0, Python 3.10.4 (main, Jun 29 2022, 12:14:53) [GCC 11.2.0], pyOpenSSL 21.0.0 (OpenSSL 3.0.2 15 Mar 2022), cryptography 3.4.8, Platform Linux-5.15.0-1011-aws-x86_64-with-glibc2.35
2022-09-09 13:55:02 [scrapy.crawler] INFO: Overridden settings:
{'BOT_NAME': 'ssge',
 'NEWSPIDER_MODULE': 'ssge.spiders',
 'SPIDER_MODULES': ['ssge.spiders']}
2022-09-09 13:55:02 [scrapy.utils.log] DEBUG: Using reactor: twisted.internet.epollreactor.EPollReactor
2022-09-09 13:55:02 [scrapy.extensions.telnet] INFO: Telnet Password: b3cfccedd238595e
2022-09-09 13:55:02 [scrapy.middleware] INFO: Enabled extensions:
['scrapy.extensions.corestats.CoreStats',
 'scrapy.extensions.telnet.TelnetConsole',
 'scrapy.extensions.memusage.MemoryUsage',
 'scrapy.extensions.logstats.LogStats']
2022-09-09 13:55:02 [scrapy.middleware] INFO: Enabled downloader middlewares:
['scrapy.downloadermiddlewares.httpauth.HttpAuthMiddleware',
 'scrapy.downloadermiddlewares.downloadtimeout.DownloadTimeoutMiddleware',
 'scrapy.downloadermiddlewares.defaultheaders.DefaultHeadersMiddleware',
 'scrapy.downloadermiddlewares.useragent.UserAgentMiddleware',
 'scrapy.downloadermiddlewares.retry.RetryMiddleware',
 'scrapy.downloadermiddlewares.redirect.MetaRefreshMiddleware',
 'scrapy.downloadermiddlewares.httpcompression.HttpCompressionMiddleware',
 'scrapy.downloadermiddlewares.redirect.RedirectMiddleware',
 'scrapy.downloadermiddlewares.cookies.CookiesMiddleware',
 'scrapy.downloadermiddlewares.httpproxy.HttpProxyMiddleware',
 'scrapy.downloadermiddlewares.stats.DownloaderStats']
2022-09-09 13:55:02 [scrapy.middleware] INFO: Enabled spider middlewares:
['scrapy.spidermiddlewares.httperror.HttpErrorMiddleware',
 'scrapy.spidermiddlewares.offsite.OffsiteMiddleware',
 'scrapy.spidermiddlewares.referer.RefererMiddleware',
 'scrapy.spidermiddlewares.urllength.UrlLengthMiddleware',
 'scrapy.spidermiddlewares.depth.DepthMiddleware']
2022-09-09 13:55:02 [scrapy.middleware] INFO: Enabled item pipelines:
[]
2022-09-09 13:55:02 [scrapy.core.engine] INFO: Spider opened
2022-09-09 13:55:02 [scrapy.extensions.logstats] INFO: Crawled 0 pages (at 0 pages/min), scraped 0 items (at 0 items/min)
2022-09-09 13:55:02 [scrapy.extensions.telnet] INFO: Telnet console listening on 127.0.0.1:6023
2022-09-09 13:55:05 [filelock] DEBUG: Attempting to acquire lock 140433943131232 on /home/ubuntu/.cache/python-tldextract/3.10.4.final__usr__7d8fdf__tldextract-3.3.1/publicsuffix.org-tlds/de84b5ca2167d4c83e38fb162f2e8738.tldextract.json.lock
2022-09-09 13:55:05 [filelock] DEBUG: Lock 140433943131232 acquired on /home/ubuntu/.cache/python-tldextract/3.10.4.final__usr__7d8fdf__tldextract-3.3.1/publicsuffix.org-tlds/de84b5ca2167d4c83e38fb162f2e8738.tldextract.json.lock
2022-09-09 13:55:05 [filelock] DEBUG: Attempting to release lock 140433943131232 on /home/ubuntu/.cache/python-tldextract/3.10.4.final__usr__7d8fdf__tldextract-3.3.1/publicsuffix.org-tlds/de84b5ca2167d4c83e38fb162f2e8738.tldextract.json.lock
2022-09-09 13:55:05 [filelock] DEBUG: Lock 140433943131232 released on /home/ubuntu/.cache/python-tldextract/3.10.4.final__usr__7d8fdf__tldextract-3.3.1/publicsuffix.org-tlds/de84b5ca2167d4c83e38fb162f2e8738.tldextract.json.lock
2022-09-09 13:55:05 [scrapy.core.engine] DEBUG: Crawled (200) <GET https://ss.ge/en/real-estate/l/Flat/For-Rent?PrcSource=1&RealEstateStatus=2%2C453&CommercialRealEstateType=&PriceType=false&CurrencyId=1&PriceTo=700&Context.Request.Query%5BQuery%5D=&IndividualEntityOnly=true&&Sort.SortExpression=%22OrderDate%22+DESC> (referer: None)
2022-09-09 13:55:06 [urllib3.connectionpool] DEBUG: Starting new HTTPS connection (1): api.telegram.org:443
2022-09-09 13:55:06 [urllib3.connectionpool] DEBUG: https://api.telegram.org:443 "GET /bot5663097801:AAH8FJmqavokiPJoxg3H4XQVVtQuqYfhEJU/sendMessage?chat_id=240372740&text=%0A%20550%20%0A%20IV%20Microdistrict%20-%20Gldani%20%0A%20https://ss.ge/en/real-estate/2-room-flat-for-rent-gldani-3349787 HTTP/1.1" 200 505
2022-09-09 13:55:06 [urllib3.connectionpool] DEBUG: Starting new HTTPS connection (1): api.telegram.org:443
2022-09-09 13:55:06 [urllib3.connectionpool] DEBUG: https://api.telegram.org:443 "GET /bot5663097801:AAH8FJmqavokiPJoxg3H4XQVVtQuqYfhEJU/sendMessage?chat_id=240372740&text=%0A%20700%20%0A%20pekini%20st.%20%0A%20https://ss.ge/en/real-estate/1-room-flat-for-rent-saburtalo-5530948 HTTP/1.1" 200 493
2022-09-09 13:55:06 [urllib3.connectionpool] DEBUG: Starting new HTTPS connection (1): api.telegram.org:443
2022-09-09 13:55:07 [urllib3.connectionpool] DEBUG: https://api.telegram.org:443 "GET /bot5663097801:AAH8FJmqavokiPJoxg3H4XQVVtQuqYfhEJU/sendMessage?chat_id=240372740&text=%0A%20400%20%0A%20Khergiani%20st.%20%0A%20https://ss.ge/en/real-estate/1-room-flat-for-rent-gldani-5530629 HTTP/1.1" 200 493
2022-09-09 13:55:07 [urllib3.connectionpool] DEBUG: Starting new HTTPS connection (1): api.telegram.org:443
2022-09-09 13:55:07 [urllib3.connectionpool] DEBUG: https://api.telegram.org:443 "GET /bot5663097801:AAH8FJmqavokiPJoxg3H4XQVVtQuqYfhEJU/sendMessage?chat_id=240372740&text=%0A%20500%20%0A%20aleksi-meskhishvili%20st.%20%0A%20https://ss.ge/en/real-estate/1-room-flat-for-rent-mtatsminda-5530374 HTTP/1.1" 200 507
2022-09-09 13:55:07 [urllib3.connectionpool] DEBUG: Starting new HTTPS connection (1): api.telegram.org:443
2022-09-09 13:55:08 [urllib3.connectionpool] DEBUG: https://api.telegram.org:443 "GET /bot5663097801:AAH8FJmqavokiPJoxg3H4XQVVtQuqYfhEJU/sendMessage?chat_id=240372740&text=%0A%20450%20%0A%20Svanishvili%20st.%20%0A%20https://ss.ge/en/real-estate/1-room-flat-for-rent-didi-digomi-5530328 HTTP/1.1" 200 500
2022-09-09 13:55:08 [scrapy.core.scraper] ERROR: Spider error processing <GET https://ss.ge/en/real-estate/l/Flat/For-Rent?PrcSource=1&RealEstateStatus=2%2C453&CommercialRealEstateType=&PriceType=false&CurrencyId=1&PriceTo=700&Context.Request.Query%5BQuery%5D=&IndividualEntityOnly=true&&Sort.SortExpression=%22OrderDate%22+DESC> (referer: None)
Traceback (most recent call last):
  File "/usr/lib/python3/dist-packages/twisted/internet/defer.py", line 857, in _runCallbacks
    current.result = callback(  # type: ignore[misc]
  File "/home/ubuntu/.local/lib/python3.10/site-packages/scrapy/spiders/__init__.py", line 67, in _parse
    return self.parse(response, **kwargs)
  File "/home/ubuntu/ssge/ssge/spiders/s2sge.py", line 32, in parse
    message = f"\n {price} \n {clean_spaces(location)} \n {url}"
  File "/home/ubuntu/ssge/ssge/spiders/s2sge.py", line 13, in clean_spaces
    return input.replace('\n', '').replace('\r', '').strip('\n').strip()
AttributeError: 'NoneType' object has no attribute 'replace'
2022-09-09 13:55:08 [scrapy.core.engine] INFO: Closing spider (finished)
2022-09-09 13:55:08 [scrapy.statscollectors] INFO: Dumping Scrapy stats:
{'downloader/request_bytes': 441,
 'downloader/request_count': 1,
 'downloader/request_method_count/GET': 1,
 'downloader/response_bytes': 250373,
 'downloader/response_count': 1,
 'downloader/response_status_count/200': 1,
 'elapsed_time_seconds': 5.811598,
 'finish_reason': 'finished',
 'finish_time': datetime.datetime(2022, 9, 9, 13, 55, 8, 272262),
 'httpcompression/response_bytes': 1364123,
 'httpcompression/response_count': 1,
 'log_count/DEBUG': 16,
 'log_count/ERROR': 1,
 'log_count/INFO': 10,
 'memusage/max': 60575744,
 'memusage/startup': 60575744,
 'response_received_count': 1,
 'scheduler/dequeued': 1,
 'scheduler/dequeued/memory': 1,
 'scheduler/enqueued': 1,
 'scheduler/enqueued/memory': 1,
 'spider_exceptions/AttributeError': 1,
 'start_time': datetime.datetime(2022, 9, 9, 13, 55, 2, 460664)}
2022-09-09 13:55:08 [scrapy.core.engine] INFO: Spider closed (finished)
/home/ubuntu/ssge
2022-09-09 13:56:02 [scrapy.utils.log] INFO: Scrapy 2.6.2 started (bot: ssge)
2022-09-09 13:56:02 [scrapy.utils.log] INFO: Versions: lxml 4.9.1.0, libxml2 2.9.14, cssselect 1.1.0, parsel 1.6.0, w3lib 2.0.1, Twisted 22.1.0, Python 3.10.4 (main, Jun 29 2022, 12:14:53) [GCC 11.2.0], pyOpenSSL 21.0.0 (OpenSSL 3.0.2 15 Mar 2022), cryptography 3.4.8, Platform Linux-5.15.0-1011-aws-x86_64-with-glibc2.35
2022-09-09 13:56:02 [scrapy.crawler] INFO: Overridden settings:
{'BOT_NAME': 'ssge',
 'NEWSPIDER_MODULE': 'ssge.spiders',
 'SPIDER_MODULES': ['ssge.spiders']}
2022-09-09 13:56:02 [scrapy.utils.log] DEBUG: Using reactor: twisted.internet.epollreactor.EPollReactor
2022-09-09 13:56:02 [scrapy.extensions.telnet] INFO: Telnet Password: 464e791ee62434ec
2022-09-09 13:56:02 [scrapy.middleware] INFO: Enabled extensions:
['scrapy.extensions.corestats.CoreStats',
 'scrapy.extensions.telnet.TelnetConsole',
 'scrapy.extensions.memusage.MemoryUsage',
 'scrapy.extensions.logstats.LogStats']
2022-09-09 13:56:02 [scrapy.middleware] INFO: Enabled downloader middlewares:
['scrapy.downloadermiddlewares.httpauth.HttpAuthMiddleware',
 'scrapy.downloadermiddlewares.downloadtimeout.DownloadTimeoutMiddleware',
 'scrapy.downloadermiddlewares.defaultheaders.DefaultHeadersMiddleware',
 'scrapy.downloadermiddlewares.useragent.UserAgentMiddleware',
 'scrapy.downloadermiddlewares.retry.RetryMiddleware',
 'scrapy.downloadermiddlewares.redirect.MetaRefreshMiddleware',
 'scrapy.downloadermiddlewares.httpcompression.HttpCompressionMiddleware',
 'scrapy.downloadermiddlewares.redirect.RedirectMiddleware',
 'scrapy.downloadermiddlewares.cookies.CookiesMiddleware',
 'scrapy.downloadermiddlewares.httpproxy.HttpProxyMiddleware',
 'scrapy.downloadermiddlewares.stats.DownloaderStats']
2022-09-09 13:56:02 [scrapy.middleware] INFO: Enabled spider middlewares:
['scrapy.spidermiddlewares.httperror.HttpErrorMiddleware',
 'scrapy.spidermiddlewares.offsite.OffsiteMiddleware',
 'scrapy.spidermiddlewares.referer.RefererMiddleware',
 'scrapy.spidermiddlewares.urllength.UrlLengthMiddleware',
 'scrapy.spidermiddlewares.depth.DepthMiddleware']
2022-09-09 13:56:02 [scrapy.middleware] INFO: Enabled item pipelines:
[]
2022-09-09 13:56:02 [scrapy.core.engine] INFO: Spider opened
2022-09-09 13:56:02 [scrapy.extensions.logstats] INFO: Crawled 0 pages (at 0 pages/min), scraped 0 items (at 0 items/min)
2022-09-09 13:56:02 [scrapy.extensions.telnet] INFO: Telnet console listening on 127.0.0.1:6023
2022-09-09 13:56:06 [filelock] DEBUG: Attempting to acquire lock 140628373238640 on /home/ubuntu/.cache/python-tldextract/3.10.4.final__usr__7d8fdf__tldextract-3.3.1/publicsuffix.org-tlds/de84b5ca2167d4c83e38fb162f2e8738.tldextract.json.lock
2022-09-09 13:56:06 [filelock] DEBUG: Lock 140628373238640 acquired on /home/ubuntu/.cache/python-tldextract/3.10.4.final__usr__7d8fdf__tldextract-3.3.1/publicsuffix.org-tlds/de84b5ca2167d4c83e38fb162f2e8738.tldextract.json.lock
2022-09-09 13:56:06 [filelock] DEBUG: Attempting to release lock 140628373238640 on /home/ubuntu/.cache/python-tldextract/3.10.4.final__usr__7d8fdf__tldextract-3.3.1/publicsuffix.org-tlds/de84b5ca2167d4c83e38fb162f2e8738.tldextract.json.lock
2022-09-09 13:56:06 [filelock] DEBUG: Lock 140628373238640 released on /home/ubuntu/.cache/python-tldextract/3.10.4.final__usr__7d8fdf__tldextract-3.3.1/publicsuffix.org-tlds/de84b5ca2167d4c83e38fb162f2e8738.tldextract.json.lock
2022-09-09 13:56:06 [scrapy.core.engine] DEBUG: Crawled (200) <GET https://ss.ge/en/real-estate/l/Flat/For-Rent?PrcSource=1&RealEstateStatus=2%2C453&CommercialRealEstateType=&PriceType=false&CurrencyId=1&PriceTo=700&Context.Request.Query%5BQuery%5D=&IndividualEntityOnly=true&&Sort.SortExpression=%22OrderDate%22+DESC> (referer: None)
2022-09-09 13:56:06 [urllib3.connectionpool] DEBUG: Starting new HTTPS connection (1): api.telegram.org:443
2022-09-09 13:56:06 [urllib3.connectionpool] DEBUG: https://api.telegram.org:443 "GET /bot5663097801:AAH8FJmqavokiPJoxg3H4XQVVtQuqYfhEJU/sendMessage?chat_id=240372740&text=%0A%20550%20%0A%20IV%20Microdistrict%20-%20Gldani%20%0A%20https://ss.ge/en/real-estate/2-room-flat-for-rent-gldani-3349787 HTTP/1.1" 200 505
2022-09-09 13:56:06 [urllib3.connectionpool] DEBUG: Starting new HTTPS connection (1): api.telegram.org:443
2022-09-09 13:56:07 [urllib3.connectionpool] DEBUG: https://api.telegram.org:443 "GET /bot5663097801:AAH8FJmqavokiPJoxg3H4XQVVtQuqYfhEJU/sendMessage?chat_id=240372740&text=%0A%20700%20%0A%20pekini%20st.%20%0A%20https://ss.ge/en/real-estate/1-room-flat-for-rent-saburtalo-5530948 HTTP/1.1" 200 493
2022-09-09 13:56:07 [urllib3.connectionpool] DEBUG: Starting new HTTPS connection (1): api.telegram.org:443
2022-09-09 13:56:07 [urllib3.connectionpool] DEBUG: https://api.telegram.org:443 "GET /bot5663097801:AAH8FJmqavokiPJoxg3H4XQVVtQuqYfhEJU/sendMessage?chat_id=240372740&text=%0A%20400%20%0A%20Khergiani%20st.%20%0A%20https://ss.ge/en/real-estate/1-room-flat-for-rent-gldani-5530629 HTTP/1.1" 200 493
2022-09-09 13:56:07 [urllib3.connectionpool] DEBUG: Starting new HTTPS connection (1): api.telegram.org:443
2022-09-09 13:56:08 [urllib3.connectionpool] DEBUG: https://api.telegram.org:443 "GET /bot5663097801:AAH8FJmqavokiPJoxg3H4XQVVtQuqYfhEJU/sendMessage?chat_id=240372740&text=%0A%20500%20%0A%20aleksi-meskhishvili%20st.%20%0A%20https://ss.ge/en/real-estate/1-room-flat-for-rent-mtatsminda-5530374 HTTP/1.1" 200 507
2022-09-09 13:56:08 [urllib3.connectionpool] DEBUG: Starting new HTTPS connection (1): api.telegram.org:443
2022-09-09 13:56:08 [urllib3.connectionpool] DEBUG: https://api.telegram.org:443 "GET /bot5663097801:AAH8FJmqavokiPJoxg3H4XQVVtQuqYfhEJU/sendMessage?chat_id=240372740&text=%0A%20450%20%0A%20Svanishvili%20st.%20%0A%20https://ss.ge/en/real-estate/1-room-flat-for-rent-didi-digomi-5530328 HTTP/1.1" 200 500
2022-09-09 13:56:08 [scrapy.core.scraper] ERROR: Spider error processing <GET https://ss.ge/en/real-estate/l/Flat/For-Rent?PrcSource=1&RealEstateStatus=2%2C453&CommercialRealEstateType=&PriceType=false&CurrencyId=1&PriceTo=700&Context.Request.Query%5BQuery%5D=&IndividualEntityOnly=true&&Sort.SortExpression=%22OrderDate%22+DESC> (referer: None)
Traceback (most recent call last):
  File "/usr/lib/python3/dist-packages/twisted/internet/defer.py", line 857, in _runCallbacks
    current.result = callback(  # type: ignore[misc]
  File "/home/ubuntu/.local/lib/python3.10/site-packages/scrapy/spiders/__init__.py", line 67, in _parse
    return self.parse(response, **kwargs)
  File "/home/ubuntu/ssge/ssge/spiders/s2sge.py", line 32, in parse
    message = f"\n {price} \n {clean_spaces(location)} \n {url}"
  File "/home/ubuntu/ssge/ssge/spiders/s2sge.py", line 13, in clean_spaces
    return input.replace('\n', '').replace('\r', '').strip('\n').strip()
AttributeError: 'NoneType' object has no attribute 'replace'
2022-09-09 13:56:08 [scrapy.core.engine] INFO: Closing spider (finished)
2022-09-09 13:56:08 [scrapy.statscollectors] INFO: Dumping Scrapy stats:
{'downloader/request_bytes': 441,
 'downloader/request_count': 1,
 'downloader/request_method_count/GET': 1,
 'downloader/response_bytes': 250285,
 'downloader/response_count': 1,
 'downloader/response_status_count/200': 1,
 'elapsed_time_seconds': 6.113517,
 'finish_reason': 'finished',
 'finish_time': datetime.datetime(2022, 9, 9, 13, 56, 8, 724817),
 'httpcompression/response_bytes': 1363860,
 'httpcompression/response_count': 1,
 'log_count/DEBUG': 16,
 'log_count/ERROR': 1,
 'log_count/INFO': 10,
 'memusage/max': 60592128,
 'memusage/startup': 60592128,
 'response_received_count': 1,
 'scheduler/dequeued': 1,
 'scheduler/dequeued/memory': 1,
 'scheduler/enqueued': 1,
 'scheduler/enqueued/memory': 1,
 'spider_exceptions/AttributeError': 1,
 'start_time': datetime.datetime(2022, 9, 9, 13, 56, 2, 611300)}
2022-09-09 13:56:08 [scrapy.core.engine] INFO: Spider closed (finished)
/home/ubuntu/ssge
2022-09-09 13:57:02 [scrapy.utils.log] INFO: Scrapy 2.6.2 started (bot: ssge)
2022-09-09 13:57:02 [scrapy.utils.log] INFO: Versions: lxml 4.9.1.0, libxml2 2.9.14, cssselect 1.1.0, parsel 1.6.0, w3lib 2.0.1, Twisted 22.1.0, Python 3.10.4 (main, Jun 29 2022, 12:14:53) [GCC 11.2.0], pyOpenSSL 21.0.0 (OpenSSL 3.0.2 15 Mar 2022), cryptography 3.4.8, Platform Linux-5.15.0-1011-aws-x86_64-with-glibc2.35
2022-09-09 13:57:02 [scrapy.crawler] INFO: Overridden settings:
{'BOT_NAME': 'ssge',
 'NEWSPIDER_MODULE': 'ssge.spiders',
 'SPIDER_MODULES': ['ssge.spiders']}
2022-09-09 13:57:02 [scrapy.utils.log] DEBUG: Using reactor: twisted.internet.epollreactor.EPollReactor
2022-09-09 13:57:02 [scrapy.extensions.telnet] INFO: Telnet Password: c5e3d86b754f117c
2022-09-09 13:57:02 [scrapy.middleware] INFO: Enabled extensions:
['scrapy.extensions.corestats.CoreStats',
 'scrapy.extensions.telnet.TelnetConsole',
 'scrapy.extensions.memusage.MemoryUsage',
 'scrapy.extensions.logstats.LogStats']
2022-09-09 13:57:02 [scrapy.middleware] INFO: Enabled downloader middlewares:
['scrapy.downloadermiddlewares.httpauth.HttpAuthMiddleware',
 'scrapy.downloadermiddlewares.downloadtimeout.DownloadTimeoutMiddleware',
 'scrapy.downloadermiddlewares.defaultheaders.DefaultHeadersMiddleware',
 'scrapy.downloadermiddlewares.useragent.UserAgentMiddleware',
 'scrapy.downloadermiddlewares.retry.RetryMiddleware',
 'scrapy.downloadermiddlewares.redirect.MetaRefreshMiddleware',
 'scrapy.downloadermiddlewares.httpcompression.HttpCompressionMiddleware',
 'scrapy.downloadermiddlewares.redirect.RedirectMiddleware',
 'scrapy.downloadermiddlewares.cookies.CookiesMiddleware',
 'scrapy.downloadermiddlewares.httpproxy.HttpProxyMiddleware',
 'scrapy.downloadermiddlewares.stats.DownloaderStats']
2022-09-09 13:57:02 [scrapy.middleware] INFO: Enabled spider middlewares:
['scrapy.spidermiddlewares.httperror.HttpErrorMiddleware',
 'scrapy.spidermiddlewares.offsite.OffsiteMiddleware',
 'scrapy.spidermiddlewares.referer.RefererMiddleware',
 'scrapy.spidermiddlewares.urllength.UrlLengthMiddleware',
 'scrapy.spidermiddlewares.depth.DepthMiddleware']
2022-09-09 13:57:02 [scrapy.middleware] INFO: Enabled item pipelines:
[]
2022-09-09 13:57:02 [scrapy.core.engine] INFO: Spider opened
2022-09-09 13:57:02 [scrapy.extensions.logstats] INFO: Crawled 0 pages (at 0 pages/min), scraped 0 items (at 0 items/min)
2022-09-09 13:57:02 [scrapy.extensions.telnet] INFO: Telnet console listening on 127.0.0.1:6023
2022-09-09 13:57:06 [filelock] DEBUG: Attempting to acquire lock 140253295537952 on /home/ubuntu/.cache/python-tldextract/3.10.4.final__usr__7d8fdf__tldextract-3.3.1/publicsuffix.org-tlds/de84b5ca2167d4c83e38fb162f2e8738.tldextract.json.lock
2022-09-09 13:57:06 [filelock] DEBUG: Lock 140253295537952 acquired on /home/ubuntu/.cache/python-tldextract/3.10.4.final__usr__7d8fdf__tldextract-3.3.1/publicsuffix.org-tlds/de84b5ca2167d4c83e38fb162f2e8738.tldextract.json.lock
2022-09-09 13:57:06 [filelock] DEBUG: Attempting to release lock 140253295537952 on /home/ubuntu/.cache/python-tldextract/3.10.4.final__usr__7d8fdf__tldextract-3.3.1/publicsuffix.org-tlds/de84b5ca2167d4c83e38fb162f2e8738.tldextract.json.lock
2022-09-09 13:57:06 [filelock] DEBUG: Lock 140253295537952 released on /home/ubuntu/.cache/python-tldextract/3.10.4.final__usr__7d8fdf__tldextract-3.3.1/publicsuffix.org-tlds/de84b5ca2167d4c83e38fb162f2e8738.tldextract.json.lock
2022-09-09 13:57:06 [scrapy.core.engine] DEBUG: Crawled (200) <GET https://ss.ge/en/real-estate/l/Flat/For-Rent?PrcSource=1&RealEstateStatus=2%2C453&CommercialRealEstateType=&PriceType=false&CurrencyId=1&PriceTo=700&Context.Request.Query%5BQuery%5D=&IndividualEntityOnly=true&&Sort.SortExpression=%22OrderDate%22+DESC> (referer: None)
2022-09-09 13:57:07 [urllib3.connectionpool] DEBUG: Starting new HTTPS connection (1): api.telegram.org:443
2022-09-09 13:57:07 [urllib3.connectionpool] DEBUG: https://api.telegram.org:443 "GET /bot5663097801:AAH8FJmqavokiPJoxg3H4XQVVtQuqYfhEJU/sendMessage?chat_id=240372740&text=%0A%20550%20%0A%20IV%20Microdistrict%20-%20Gldani%20%0A%20https://ss.ge/en/real-estate/2-room-flat-for-rent-gldani-3349787 HTTP/1.1" 200 505
2022-09-09 13:57:07 [urllib3.connectionpool] DEBUG: Starting new HTTPS connection (1): api.telegram.org:443
2022-09-09 13:57:07 [urllib3.connectionpool] DEBUG: https://api.telegram.org:443 "GET /bot5663097801:AAH8FJmqavokiPJoxg3H4XQVVtQuqYfhEJU/sendMessage?chat_id=240372740&text=%0A%20700%20%0A%20pekini%20st.%20%0A%20https://ss.ge/en/real-estate/1-room-flat-for-rent-saburtalo-5530948 HTTP/1.1" 200 493
2022-09-09 13:57:07 [urllib3.connectionpool] DEBUG: Starting new HTTPS connection (1): api.telegram.org:443
2022-09-09 13:57:08 [urllib3.connectionpool] DEBUG: https://api.telegram.org:443 "GET /bot5663097801:AAH8FJmqavokiPJoxg3H4XQVVtQuqYfhEJU/sendMessage?chat_id=240372740&text=%0A%20400%20%0A%20Khergiani%20st.%20%0A%20https://ss.ge/en/real-estate/1-room-flat-for-rent-gldani-5530629 HTTP/1.1" 200 493
2022-09-09 13:57:08 [urllib3.connectionpool] DEBUG: Starting new HTTPS connection (1): api.telegram.org:443
2022-09-09 13:57:08 [urllib3.connectionpool] DEBUG: https://api.telegram.org:443 "GET /bot5663097801:AAH8FJmqavokiPJoxg3H4XQVVtQuqYfhEJU/sendMessage?chat_id=240372740&text=%0A%20500%20%0A%20aleksi-meskhishvili%20st.%20%0A%20https://ss.ge/en/real-estate/1-room-flat-for-rent-mtatsminda-5530374 HTTP/1.1" 200 507
2022-09-09 13:57:08 [urllib3.connectionpool] DEBUG: Starting new HTTPS connection (1): api.telegram.org:443
2022-09-09 13:57:09 [urllib3.connectionpool] DEBUG: https://api.telegram.org:443 "GET /bot5663097801:AAH8FJmqavokiPJoxg3H4XQVVtQuqYfhEJU/sendMessage?chat_id=240372740&text=%0A%20450%20%0A%20Svanishvili%20st.%20%0A%20https://ss.ge/en/real-estate/1-room-flat-for-rent-didi-digomi-5530328 HTTP/1.1" 200 500
2022-09-09 13:57:09 [scrapy.core.scraper] ERROR: Spider error processing <GET https://ss.ge/en/real-estate/l/Flat/For-Rent?PrcSource=1&RealEstateStatus=2%2C453&CommercialRealEstateType=&PriceType=false&CurrencyId=1&PriceTo=700&Context.Request.Query%5BQuery%5D=&IndividualEntityOnly=true&&Sort.SortExpression=%22OrderDate%22+DESC> (referer: None)
Traceback (most recent call last):
  File "/usr/lib/python3/dist-packages/twisted/internet/defer.py", line 857, in _runCallbacks
    current.result = callback(  # type: ignore[misc]
  File "/home/ubuntu/.local/lib/python3.10/site-packages/scrapy/spiders/__init__.py", line 67, in _parse
    return self.parse(response, **kwargs)
  File "/home/ubuntu/ssge/ssge/spiders/s2sge.py", line 32, in parse
    message = f"\n {price} \n {clean_spaces(location)} \n {url}"
  File "/home/ubuntu/ssge/ssge/spiders/s2sge.py", line 13, in clean_spaces
    return input.replace('\n', '').replace('\r', '').strip('\n').strip()
AttributeError: 'NoneType' object has no attribute 'replace'
2022-09-09 13:57:09 [scrapy.core.engine] INFO: Closing spider (finished)
2022-09-09 13:57:09 [scrapy.statscollectors] INFO: Dumping Scrapy stats:
{'downloader/request_bytes': 441,
 'downloader/request_count': 1,
 'downloader/request_method_count/GET': 1,
 'downloader/response_bytes': 250358,
 'downloader/response_count': 1,
 'downloader/response_status_count/200': 1,
 'elapsed_time_seconds': 6.568814,
 'finish_reason': 'finished',
 'finish_time': datetime.datetime(2022, 9, 9, 13, 57, 9, 227680),
 'httpcompression/response_bytes': 1364142,
 'httpcompression/response_count': 1,
 'log_count/DEBUG': 16,
 'log_count/ERROR': 1,
 'log_count/INFO': 10,
 'memusage/max': 60887040,
 'memusage/startup': 60887040,
 'response_received_count': 1,
 'scheduler/dequeued': 1,
 'scheduler/dequeued/memory': 1,
 'scheduler/enqueued': 1,
 'scheduler/enqueued/memory': 1,
 'spider_exceptions/AttributeError': 1,
 'start_time': datetime.datetime(2022, 9, 9, 13, 57, 2, 658866)}
2022-09-09 13:57:09 [scrapy.core.engine] INFO: Spider closed (finished)
